<?xml version="1.0" encoding="UTF-8"?>
<!-- Generated by org.testng.reporters.JUnitReportReporter -->
<testsuite skipped="0" hostname="DESKTOP-0R60E7M" name="org.exe.ExecutionClass" tests="5" failures="0" timestamp="04 Jan 2023 06:42:54 GMT" time="9.304" errors="0">
  <testcase name="m2" time="2.559" classname="org.exe.ExecutionClass"/>
  <testcase name="m4" time="1.337" classname="org.exe.ExecutionClass"/>
  <testcase name="m5" time="2.324" classname="org.exe.ExecutionClass"/>
  <testcase name="m1" time="1.611" classname="org.exe.ExecutionClass"/>
  <testcase name="m3" time="1.473" classname="org.exe.ExecutionClass"/>
</testsuite> <!-- org.exe.ExecutionClass -->
